<?xml version="1.0" encoding="UTF-8"?>
<testng-results ignored="1" total="2" passed="1" failed="0" skipped="0">
  <reporter-output>
  </reporter-output>
  <suite started-at="2022-08-11T02:26:48 IST" name="Default suite" finished-at="2022-08-11T02:26:49 IST" duration-ms="783">
    <groups>
    </groups>
    <test started-at="2022-08-11T02:26:48 IST" name="Default test" finished-at="2022-08-11T02:26:49 IST" duration-ms="783">
      <class name="com.qa.tests.GetApiTest">
        <test-method is-config="true" signature="setup()[pri:0, instance:com.qa.tests.GetApiTest@222114ba]" started-at="2022-08-11T02:26:48 IST" name="setup" finished-at="2022-08-11T02:26:48 IST" duration-ms="12" status="PASS">
          <reporter-output>
          </reporter-output>
        </test-method> <!-- setup -->
        <test-method signature="getAPITestwithoutHeaders()[pri:1, instance:com.qa.tests.GetApiTest@222114ba]" started-at="2022-08-11T02:26:48 IST" name="getAPITestwithoutHeaders" finished-at="2022-08-11T02:26:49 IST" duration-ms="715" status="PASS">
          <reporter-output>
          </reporter-output>
        </test-method> <!-- getAPITestwithoutHeaders -->
        <test-method is-config="true" signature="tearDown()[pri:0, instance:com.qa.tests.GetApiTest@222114ba]" started-at="2022-08-11T02:26:49 IST" name="tearDown" finished-at="2022-08-11T02:26:49 IST" duration-ms="1" status="PASS">
          <reporter-output>
          </reporter-output>
        </test-method> <!-- tearDown -->
      </class> <!-- com.qa.tests.GetApiTest -->
    </test> <!-- Default test -->
  </suite> <!-- Default suite -->
</testng-results>
