<?xml version="1.0" encoding="UTF-8"?>
<!-- Generated by org.testng.reporters.JUnitXMLReporter -->
<testsuite ignored="1" hostname="Ponkarthikas-MacBook-Air.local" failures="0" tests="1" name="Default test" time="0.783" errors="0" timestamp="2022-08-11T02:26:49 IST">
  <testcase classname="com.qa.tests.GetApiTest" name="getAPITestwithoutHeaders" time="0.715"/>
  <testcase classname="com.qa.tests.GetApiTest" name="getAPITestWithHeaders" time="0.0">
    <ignored/>
  </testcase> <!-- getAPITestWithHeaders -->
</testsuite> <!-- Default test -->
